Analysis & Synthesis report for g31_BlockerGame
Thu Oct 27 13:57:39 2016
Quartus II 64-Bit Version 15.0.0 Build 145 04/22/2015 SJ Web Edition


---------------------
; Table of Contents ;
---------------------
  1. Legal Notice
  2. Analysis & Synthesis Summary
  3. Analysis & Synthesis Settings
  4. Parallel Compilation
  5. Analysis & Synthesis Source Files Read
  6. Analysis & Synthesis Resource Usage Summary
  7. Analysis & Synthesis Resource Utilization by Entity
  8. General Register Statistics
  9. Parameter Settings for User Entity Instance: LPM_COUNTER:counter_X
 10. Parameter Settings for User Entity Instance: LPM_COUNTER:counter_Y
 11. Post-Synthesis Netlist Statistics for Top Partition
 12. Elapsed Time Per Partition
 13. Analysis & Synthesis Messages



----------------
; Legal Notice ;
----------------
Copyright (C) 1991-2015 Altera Corporation. All rights reserved.
Your use of Altera Corporation's design tools, logic functions 
and other software and tools, and its AMPP partner logic 
functions, and any output files from any of the foregoing 
(including device programming or simulation files), and any 
associated documentation or information are expressly subject 
to the terms and conditions of the Altera Program License 
Subscription Agreement, the Altera Quartus II License Agreement,
the Altera MegaCore Function License Agreement, or other 
applicable license agreement, including, without limitation, 
that your use is for the sole purpose of programming logic 
devices manufactured by Altera and sold by Altera or its 
authorized distributors.  Please refer to the applicable 
agreement for further details.



+------------------------------------------------------------------------------+
; Analysis & Synthesis Summary                                                 ;
+---------------------------------+--------------------------------------------+
; Analysis & Synthesis Status     ; Successful - Thu Oct 27 13:57:39 2016      ;
; Quartus II 64-Bit Version       ; 15.0.0 Build 145 04/22/2015 SJ Web Edition ;
; Revision Name                   ; g31_BlockerGame                            ;
; Top-level Entity Name           ; g31_VGA                                    ;
; Family                          ; Cyclone V                                  ;
; Logic utilization (in ALMs)     ; N/A                                        ;
; Total registers                 ; 21                                         ;
; Total pins                      ; 25                                         ;
; Total virtual pins              ; 0                                          ;
; Total block memory bits         ; 0                                          ;
; Total DSP Blocks                ; 0                                          ;
; Total HSSI RX PCSs              ; 0                                          ;
; Total HSSI PMA RX Deserializers ; 0                                          ;
; Total HSSI TX PCSs              ; 0                                          ;
; Total HSSI PMA TX Serializers   ; 0                                          ;
; Total PLLs                      ; 0                                          ;
; Total DLLs                      ; 0                                          ;
+---------------------------------+--------------------------------------------+


+---------------------------------------------------------------------------------------------------------------------------+
; Analysis & Synthesis Settings                                                                                             ;
+---------------------------------------------------------------------------------+--------------------+--------------------+
; Option                                                                          ; Setting            ; Default Value      ;
+---------------------------------------------------------------------------------+--------------------+--------------------+
; Device                                                                          ; 5CSEMA5F31C6       ;                    ;
; Top-level entity name                                                           ; g31_VGA            ; g31_BlockerGame    ;
; Family name                                                                     ; Cyclone V          ; Cyclone V          ;
; Use smart compilation                                                           ; Off                ; Off                ;
; Enable parallel Assembler and TimeQuest Timing Analyzer during compilation      ; On                 ; On                 ;
; Enable compact report table                                                     ; Off                ; Off                ;
; Restructure Multiplexers                                                        ; Auto               ; Auto               ;
; MLAB Add Timing Constraints For Mixed-Port Feed-Through Mode Setting Don't Care ; Off                ; Off                ;
; Create Debugging Nodes for IP Cores                                             ; Off                ; Off                ;
; Preserve fewer node names                                                       ; On                 ; On                 ;
; Disable OpenCore Plus hardware evaluation                                       ; Off                ; Off                ;
; Verilog Version                                                                 ; Verilog_2001       ; Verilog_2001       ;
; VHDL Version                                                                    ; VHDL_1993          ; VHDL_1993          ;
; State Machine Processing                                                        ; Auto               ; Auto               ;
; Safe State Machine                                                              ; Off                ; Off                ;
; Extract Verilog State Machines                                                  ; On                 ; On                 ;
; Extract VHDL State Machines                                                     ; On                 ; On                 ;
; Ignore Verilog initial constructs                                               ; Off                ; Off                ;
; Iteration limit for constant Verilog loops                                      ; 5000               ; 5000               ;
; Iteration limit for non-constant Verilog loops                                  ; 250                ; 250                ;
; Add Pass-Through Logic to Inferred RAMs                                         ; On                 ; On                 ;
; Infer RAMs from Raw Logic                                                       ; On                 ; On                 ;
; Parallel Synthesis                                                              ; On                 ; On                 ;
; DSP Block Balancing                                                             ; Auto               ; Auto               ;
; NOT Gate Push-Back                                                              ; On                 ; On                 ;
; Power-Up Don't Care                                                             ; On                 ; On                 ;
; Remove Redundant Logic Cells                                                    ; Off                ; Off                ;
; Remove Duplicate Registers                                                      ; On                 ; On                 ;
; Ignore CARRY Buffers                                                            ; Off                ; Off                ;
; Ignore CASCADE Buffers                                                          ; Off                ; Off                ;
; Ignore GLOBAL Buffers                                                           ; Off                ; Off                ;
; Ignore ROW GLOBAL Buffers                                                       ; Off                ; Off                ;
; Ignore LCELL Buffers                                                            ; Off                ; Off                ;
; Ignore SOFT Buffers                                                             ; On                 ; On                 ;
; Limit AHDL Integers to 32 Bits                                                  ; Off                ; Off                ;
; Optimization Technique                                                          ; Balanced           ; Balanced           ;
; Carry Chain Length                                                              ; 70                 ; 70                 ;
; Auto Carry Chains                                                               ; On                 ; On                 ;
; Auto Open-Drain Pins                                                            ; On                 ; On                 ;
; Perform WYSIWYG Primitive Resynthesis                                           ; Off                ; Off                ;
; Auto ROM Replacement                                                            ; On                 ; On                 ;
; Auto RAM Replacement                                                            ; On                 ; On                 ;
; Auto DSP Block Replacement                                                      ; On                 ; On                 ;
; Auto Shift Register Replacement                                                 ; Auto               ; Auto               ;
; Allow Shift Register Merging across Hierarchies                                 ; Auto               ; Auto               ;
; Auto Clock Enable Replacement                                                   ; On                 ; On                 ;
; Strict RAM Replacement                                                          ; Off                ; Off                ;
; Allow Synchronous Control Signals                                               ; On                 ; On                 ;
; Force Use of Synchronous Clear Signals                                          ; Off                ; Off                ;
; Auto Resource Sharing                                                           ; Off                ; Off                ;
; Allow Any RAM Size For Recognition                                              ; Off                ; Off                ;
; Allow Any ROM Size For Recognition                                              ; Off                ; Off                ;
; Allow Any Shift Register Size For Recognition                                   ; Off                ; Off                ;
; Use LogicLock Constraints during Resource Balancing                             ; On                 ; On                 ;
; Ignore translate_off and synthesis_off directives                               ; Off                ; Off                ;
; Timing-Driven Synthesis                                                         ; On                 ; On                 ;
; Report Parameter Settings                                                       ; On                 ; On                 ;
; Report Source Assignments                                                       ; On                 ; On                 ;
; Report Connectivity Checks                                                      ; On                 ; On                 ;
; Ignore Maximum Fan-Out Assignments                                              ; Off                ; Off                ;
; Synchronization Register Chain Length                                           ; 3                  ; 3                  ;
; PowerPlay Power Optimization During Synthesis                                   ; Normal compilation ; Normal compilation ;
; HDL message level                                                               ; Level2             ; Level2             ;
; Suppress Register Optimization Related Messages                                 ; Off                ; Off                ;
; Number of Removed Registers Reported in Synthesis Report                        ; 5000               ; 5000               ;
; Number of Swept Nodes Reported in Synthesis Report                              ; 5000               ; 5000               ;
; Number of Inverted Registers Reported in Synthesis Report                       ; 100                ; 100                ;
; Clock MUX Protection                                                            ; On                 ; On                 ;
; Auto Gated Clock Conversion                                                     ; Off                ; Off                ;
; Block Design Naming                                                             ; Auto               ; Auto               ;
; SDC constraint protection                                                       ; Off                ; Off                ;
; Synthesis Effort                                                                ; Auto               ; Auto               ;
; Shift Register Replacement - Allow Asynchronous Clear Signal                    ; On                 ; On                 ;
; Pre-Mapping Resynthesis Optimization                                            ; Off                ; Off                ;
; Analysis & Synthesis Message Level                                              ; Medium             ; Medium             ;
; Disable Register Merging Across Hierarchies                                     ; Auto               ; Auto               ;
; Resource Aware Inference For Block RAM                                          ; On                 ; On                 ;
; Synthesis Seed                                                                  ; 1                  ; 1                  ;
; Automatic Parallel Synthesis                                                    ; On                 ; On                 ;
; Partial Reconfiguration Bitstream ID                                            ; Off                ; Off                ;
+---------------------------------------------------------------------------------+--------------------+--------------------+


Parallel compilation was disabled, but you have multiple processors available. Enable parallel compilation to reduce compilation time.
+-------------------------------------+
; Parallel Compilation                ;
+----------------------------+--------+
; Processors                 ; Number ;
+----------------------------+--------+
; Number detected on machine ; 4      ;
; Maximum allowed            ; 1      ;
+----------------------------+--------+


+-------------------------------------------------------------------------------------------------------------------------------------------------------------------------------------+
; Analysis & Synthesis Source Files Read                                                                                                                                              ;
+----------------------------------+-----------------+------------------------------+---------------------------------------------------------------------------------------+---------+
; File Name with User-Entered Path ; Used in Netlist ; File Type                    ; File Name with Absolute Path                                                          ; Library ;
+----------------------------------+-----------------+------------------------------+---------------------------------------------------------------------------------------+---------+
; g31_VGA.vhd                      ; yes             ; User VHDL File               ; C:/Users/Andrei Purcarus/Documents/University/ECSE323/g31_BlockerGame/g31_VGA.vhd     ;         ;
; lpm_counter.tdf                  ; yes             ; Megafunction                 ; c:/altera/15.0/quartus/libraries/megafunctions/lpm_counter.tdf                        ;         ;
; lpm_constant.inc                 ; yes             ; Megafunction                 ; c:/altera/15.0/quartus/libraries/megafunctions/lpm_constant.inc                       ;         ;
; lpm_decode.inc                   ; yes             ; Megafunction                 ; c:/altera/15.0/quartus/libraries/megafunctions/lpm_decode.inc                         ;         ;
; lpm_add_sub.inc                  ; yes             ; Megafunction                 ; c:/altera/15.0/quartus/libraries/megafunctions/lpm_add_sub.inc                        ;         ;
; cmpconst.inc                     ; yes             ; Megafunction                 ; c:/altera/15.0/quartus/libraries/megafunctions/cmpconst.inc                           ;         ;
; lpm_compare.inc                  ; yes             ; Megafunction                 ; c:/altera/15.0/quartus/libraries/megafunctions/lpm_compare.inc                        ;         ;
; lpm_counter.inc                  ; yes             ; Megafunction                 ; c:/altera/15.0/quartus/libraries/megafunctions/lpm_counter.inc                        ;         ;
; dffeea.inc                       ; yes             ; Megafunction                 ; c:/altera/15.0/quartus/libraries/megafunctions/dffeea.inc                             ;         ;
; alt_counter_stratix.inc          ; yes             ; Megafunction                 ; c:/altera/15.0/quartus/libraries/megafunctions/alt_counter_stratix.inc                ;         ;
; aglobal150.inc                   ; yes             ; Megafunction                 ; c:/altera/15.0/quartus/libraries/megafunctions/aglobal150.inc                         ;         ;
; db/cntr_o8i.tdf                  ; yes             ; Auto-Generated Megafunction  ; C:/Users/Andrei Purcarus/Documents/University/ECSE323/g31_BlockerGame/db/cntr_o8i.tdf ;         ;
; db/cntr_3ti.tdf                  ; yes             ; Auto-Generated Megafunction  ; C:/Users/Andrei Purcarus/Documents/University/ECSE323/g31_BlockerGame/db/cntr_3ti.tdf ;         ;
+----------------------------------+-----------------+------------------------------+---------------------------------------------------------------------------------------+---------+


+--------------------------------------------------------+
; Analysis & Synthesis Resource Usage Summary            ;
+---------------------------------------------+----------+
; Resource                                    ; Usage    ;
+---------------------------------------------+----------+
; Estimate of Logic utilization (ALMs needed) ; 37       ;
;                                             ;          ;
; Combinational ALUT usage for logic          ; 67       ;
;     -- 7 input functions                    ; 1        ;
;     -- 6 input functions                    ; 6        ;
;     -- 5 input functions                    ; 4        ;
;     -- 4 input functions                    ; 6        ;
;     -- <=3 input functions                  ; 50       ;
;                                             ;          ;
; Dedicated logic registers                   ; 21       ;
;                                             ;          ;
; I/O pins                                    ; 25       ;
;                                             ;          ;
; Total DSP Blocks                            ; 0        ;
;                                             ;          ;
; Maximum fan-out node                        ; Equal0~1 ;
; Maximum fan-out                             ; 21       ;
; Total fan-out                               ; 313      ;
; Average fan-out                             ; 2.27     ;
+---------------------------------------------+----------+


+---------------------------------------------------------------------------------------------------------------------------------------------------------------------------------------------------+
; Analysis & Synthesis Resource Utilization by Entity                                                                                                                                               ;
+---------------------------------+-------------------+--------------+-------------------+------------+------+--------------+--------------------------------------------------------+--------------+
; Compilation Hierarchy Node      ; LC Combinationals ; LC Registers ; Block Memory Bits ; DSP Blocks ; Pins ; Virtual Pins ; Full Hierarchy Name                                    ; Library Name ;
+---------------------------------+-------------------+--------------+-------------------+------------+------+--------------+--------------------------------------------------------+--------------+
; |g31_VGA                        ; 67 (46)           ; 21 (0)       ; 0                 ; 0          ; 25   ; 0            ; |g31_VGA                                               ; work         ;
;    |lpm_counter:counter_X|      ; 11 (0)            ; 11 (0)       ; 0                 ; 0          ; 0    ; 0            ; |g31_VGA|lpm_counter:counter_X                         ; work         ;
;       |cntr_o8i:auto_generated| ; 11 (11)           ; 11 (11)      ; 0                 ; 0          ; 0    ; 0            ; |g31_VGA|lpm_counter:counter_X|cntr_o8i:auto_generated ; work         ;
;    |lpm_counter:counter_Y|      ; 10 (0)            ; 10 (0)       ; 0                 ; 0          ; 0    ; 0            ; |g31_VGA|lpm_counter:counter_Y                         ; work         ;
;       |cntr_3ti:auto_generated| ; 10 (10)           ; 10 (10)      ; 0                 ; 0          ; 0    ; 0            ; |g31_VGA|lpm_counter:counter_Y|cntr_3ti:auto_generated ; work         ;
+---------------------------------+-------------------+--------------+-------------------+------------+------+--------------+--------------------------------------------------------+--------------+
Note: For table entries with two numbers listed, the numbers in parentheses indicate the number of resources of the given type used by the specific entity alone. The numbers listed outside of parentheses indicate the total resources of the given type used by the specific entity and all of its sub-entities in the hierarchy.


+------------------------------------------------------+
; General Register Statistics                          ;
+----------------------------------------------+-------+
; Statistic                                    ; Value ;
+----------------------------------------------+-------+
; Total registers                              ; 21    ;
; Number of registers using Synchronous Clear  ; 21    ;
; Number of registers using Synchronous Load   ; 0     ;
; Number of registers using Asynchronous Clear ; 0     ;
; Number of registers using Asynchronous Load  ; 0     ;
; Number of registers using Clock Enable       ; 10    ;
; Number of registers using Preset             ; 0     ;
+----------------------------------------------+-------+


+--------------------------------------------------------------------+
; Parameter Settings for User Entity Instance: LPM_COUNTER:counter_X ;
+------------------------+-------------------+-----------------------+
; Parameter Name         ; Value             ; Type                  ;
+------------------------+-------------------+-----------------------+
; AUTO_CARRY_CHAINS      ; ON                ; AUTO_CARRY            ;
; IGNORE_CARRY_BUFFERS   ; OFF               ; IGNORE_CARRY          ;
; AUTO_CASCADE_CHAINS    ; ON                ; AUTO_CASCADE          ;
; IGNORE_CASCADE_BUFFERS ; OFF               ; IGNORE_CASCADE        ;
; LPM_WIDTH              ; 11                ; Signed Integer        ;
; LPM_DIRECTION          ; DEFAULT           ; Untyped               ;
; LPM_MODULUS            ; 0                 ; Signed Integer        ;
; LPM_AVALUE             ; UNUSED            ; Untyped               ;
; LPM_SVALUE             ; UNUSED            ; Untyped               ;
; LPM_PORT_UPDOWN        ; PORT_CONNECTIVITY ; Untyped               ;
; DEVICE_FAMILY          ; Cyclone V         ; Untyped               ;
; CARRY_CHAIN            ; MANUAL            ; Untyped               ;
; CARRY_CHAIN_LENGTH     ; 48                ; CARRY_CHAIN_LENGTH    ;
; NOT_GATE_PUSH_BACK     ; ON                ; NOT_GATE_PUSH_BACK    ;
; CARRY_CNT_EN           ; SMART             ; Untyped               ;
; LABWIDE_SCLR           ; ON                ; Untyped               ;
; USE_NEW_VERSION        ; TRUE              ; Untyped               ;
; CBXI_PARAMETER         ; cntr_o8i          ; Untyped               ;
+------------------------+-------------------+-----------------------+
Note: In order to hide this table in the UI and the text report file, please set the "Show Parameter Settings in Synthesis Report" option in "Analysis and Synthesis Settings -> More Settings" to "Off".


+--------------------------------------------------------------------+
; Parameter Settings for User Entity Instance: LPM_COUNTER:counter_Y ;
+------------------------+-------------------+-----------------------+
; Parameter Name         ; Value             ; Type                  ;
+------------------------+-------------------+-----------------------+
; AUTO_CARRY_CHAINS      ; ON                ; AUTO_CARRY            ;
; IGNORE_CARRY_BUFFERS   ; OFF               ; IGNORE_CARRY          ;
; AUTO_CASCADE_CHAINS    ; ON                ; AUTO_CASCADE          ;
; IGNORE_CASCADE_BUFFERS ; OFF               ; IGNORE_CASCADE        ;
; LPM_WIDTH              ; 10                ; Signed Integer        ;
; LPM_DIRECTION          ; DEFAULT           ; Untyped               ;
; LPM_MODULUS            ; 0                 ; Signed Integer        ;
; LPM_AVALUE             ; UNUSED            ; Untyped               ;
; LPM_SVALUE             ; UNUSED            ; Untyped               ;
; LPM_PORT_UPDOWN        ; PORT_CONNECTIVITY ; Untyped               ;
; DEVICE_FAMILY          ; Cyclone V         ; Untyped               ;
; CARRY_CHAIN            ; MANUAL            ; Untyped               ;
; CARRY_CHAIN_LENGTH     ; 48                ; CARRY_CHAIN_LENGTH    ;
; NOT_GATE_PUSH_BACK     ; ON                ; NOT_GATE_PUSH_BACK    ;
; CARRY_CNT_EN           ; SMART             ; Untyped               ;
; LABWIDE_SCLR           ; ON                ; Untyped               ;
; USE_NEW_VERSION        ; TRUE              ; Untyped               ;
; CBXI_PARAMETER         ; cntr_3ti          ; Untyped               ;
+------------------------+-------------------+-----------------------+
Note: In order to hide this table in the UI and the text report file, please set the "Show Parameter Settings in Synthesis Report" option in "Analysis and Synthesis Settings -> More Settings" to "Off".


+-----------------------------------------------------+
; Post-Synthesis Netlist Statistics for Top Partition ;
+-----------------------+-----------------------------+
; Type                  ; Count                       ;
+-----------------------+-----------------------------+
; arriav_ff             ; 21                          ;
;     ENA SCLR          ; 10                          ;
;     SCLR              ; 11                          ;
; arriav_lcell_comb     ; 70                          ;
;     arith             ; 31                          ;
;         1 data inputs ; 31                          ;
;     extend            ; 1                           ;
;         7 data inputs ; 1                           ;
;     normal            ; 38                          ;
;         1 data inputs ; 3                           ;
;         2 data inputs ; 11                          ;
;         3 data inputs ; 8                           ;
;         4 data inputs ; 6                           ;
;         5 data inputs ; 4                           ;
;         6 data inputs ; 6                           ;
; boundary_port         ; 25                          ;
;                       ;                             ;
; Max LUT depth         ; 4.00                        ;
; Average LUT depth     ; 2.43                        ;
+-----------------------+-----------------------------+


+-------------------------------+
; Elapsed Time Per Partition    ;
+----------------+--------------+
; Partition Name ; Elapsed Time ;
+----------------+--------------+
; Top            ; 00:00:00     ;
+----------------+--------------+


+-------------------------------+
; Analysis & Synthesis Messages ;
+-------------------------------+
Info: *******************************************************************
Info: Running Quartus II 64-Bit Analysis & Synthesis
    Info: Version 15.0.0 Build 145 04/22/2015 SJ Web Edition
    Info: Processing started: Thu Oct 27 13:57:23 2016
Info: Command: quartus_map --read_settings_files=on --write_settings_files=off g31_BlockerGame -c g31_BlockerGame
Warning (20028): Parallel compilation is not licensed and has been disabled
Info (12021): Found 2 design units, including 1 entities, in source file g31_vga.vhd
    Info (12022): Found design unit 1: g31_VGA-bdf_type
    Info (12023): Found entity 1: g31_VGA
Info (12127): Elaborating entity "g31_VGA" for the top level hierarchy
Info (12128): Elaborating entity "LPM_COUNTER" for hierarchy "LPM_COUNTER:counter_X"
Info (12130): Elaborated megafunction instantiation "LPM_COUNTER:counter_X"
Info (12133): Instantiated megafunction "LPM_COUNTER:counter_X" with the following parameter:
    Info (12134): Parameter "LPM_WIDTH" = "11"
    Info (12134): Parameter "LPM_MODULUS" = "0"
    Info (12134): Parameter "LPM_DIRECTION" = "UNUSED"
    Info (12134): Parameter "LPM_AVALUE" = "UNUSED"
    Info (12134): Parameter "LPM_SVALUE" = "UNUSED"
    Info (12134): Parameter "LPM_PORT_UPDOWN" = "PORT_CONNECTIVITY"
    Info (12134): Parameter "LPM_PVALUE" = "UNUSED"
    Info (12134): Parameter "LPM_TYPE" = "LPM_COUNTER"
    Info (12134): Parameter "LPM_HINT" = "UNUSED"
Info (12021): Found 1 design units, including 1 entities, in source file db/cntr_o8i.tdf
    Info (12023): Found entity 1: cntr_o8i
Info (12128): Elaborating entity "cntr_o8i" for hierarchy "LPM_COUNTER:counter_X|cntr_o8i:auto_generated"
Info (12128): Elaborating entity "LPM_COUNTER" for hierarchy "LPM_COUNTER:counter_Y"
Info (12130): Elaborated megafunction instantiation "LPM_COUNTER:counter_Y"
Info (12133): Instantiated megafunction "LPM_COUNTER:counter_Y" with the following parameter:
    Info (12134): Parameter "LPM_WIDTH" = "10"
    Info (12134): Parameter "LPM_MODULUS" = "0"
    Info (12134): Parameter "LPM_DIRECTION" = "UNUSED"
    Info (12134): Parameter "LPM_AVALUE" = "UNUSED"
    Info (12134): Parameter "LPM_SVALUE" = "UNUSED"
    Info (12134): Parameter "LPM_PORT_UPDOWN" = "PORT_CONNECTIVITY"
    Info (12134): Parameter "LPM_PVALUE" = "UNUSED"
    Info (12134): Parameter "LPM_TYPE" = "LPM_COUNTER"
    Info (12134): Parameter "LPM_HINT" = "UNUSED"
Info (12021): Found 1 design units, including 1 entities, in source file db/cntr_3ti.tdf
    Info (12023): Found entity 1: cntr_3ti
Info (12128): Elaborating entity "cntr_3ti" for hierarchy "LPM_COUNTER:counter_Y|cntr_3ti:auto_generated"
Info (286030): Timing-Driven Synthesis is running
Info (16010): Generating hard_block partition "hard_block:auto_generated_inst"
    Info (16011): Adding 0 node(s), including 0 DDIO, 0 PLL, 0 transceiver and 0 LCELL
Warning (21074): Design contains 1 input pin(s) that do not drive logic
    Warning (15610): No output dependent on input pin "RST"
Info (21057): Implemented 92 device resources after synthesis - the final resource count might be different
    Info (21058): Implemented 2 input pins
    Info (21059): Implemented 23 output pins
    Info (21061): Implemented 67 logic cells
Info: Quartus II 64-Bit Analysis & Synthesis was successful. 0 errors, 3 warnings
    Info: Peak virtual memory: 798 megabytes
    Info: Processing ended: Thu Oct 27 13:57:39 2016
    Info: Elapsed time: 00:00:16
    Info: Total CPU time (on all processors): 00:00:37


