Flow report for g31_BlockerGame
Thu Oct 27 13:59:10 2016
Quartus II 64-Bit Version 15.0.0 Build 145 04/22/2015 SJ Web Edition


---------------------
; Table of Contents ;
---------------------
  1. Legal Notice
  2. Flow Summary
  3. Flow Settings
  4. Flow Non-Default Global Settings
  5. Flow Elapsed Time
  6. Flow OS Summary
  7. Flow Log
  8. Flow Messages
  9. Flow Suppressed Messages



----------------
; Legal Notice ;
----------------
Copyright (C) 1991-2015 Altera Corporation. All rights reserved.
Your use of Altera Corporation's design tools, logic functions 
and other software and tools, and its AMPP partner logic 
functions, and any output files from any of the foregoing 
(including device programming or simulation files), and any 
associated documentation or information are expressly subject 
to the terms and conditions of the Altera Program License 
Subscription Agreement, the Altera Quartus II License Agreement,
the Altera MegaCore Function License Agreement, or other 
applicable license agreement, including, without limitation, 
that your use is for the sole purpose of programming logic 
devices manufactured by Altera and sold by Altera or its 
authorized distributors.  Please refer to the applicable 
agreement for further details.



+------------------------------------------------------------------------------+
; Flow Summary                                                                 ;
+---------------------------------+--------------------------------------------+
; Flow Status                     ; Successful - Thu Oct 27 13:59:10 2016      ;
; Quartus II 64-Bit Version       ; 15.0.0 Build 145 04/22/2015 SJ Web Edition ;
; Revision Name                   ; g31_BlockerGame                            ;
; Top-level Entity Name           ; g31_VGA                                    ;
; Family                          ; Cyclone V                                  ;
; Device                          ; 5CSEMA5F31C6                               ;
; Timing Models                   ; Final                                      ;
; Logic utilization (in ALMs)     ; 38 / 32,070 ( < 1 % )                      ;
; Total registers                 ; 29                                         ;
; Total pins                      ; 25 / 457 ( 5 % )                           ;
; Total virtual pins              ; 0                                          ;
; Total block memory bits         ; 0 / 4,065,280 ( 0 % )                      ;
; Total DSP Blocks                ; 0 / 87 ( 0 % )                             ;
; Total HSSI RX PCSs              ; 0                                          ;
; Total HSSI PMA RX Deserializers ; 0                                          ;
; Total HSSI TX PCSs              ; 0                                          ;
; Total HSSI PMA TX Serializers   ; 0                                          ;
; Total PLLs                      ; 0 / 6 ( 0 % )                              ;
; Total DLLs                      ; 0 / 4 ( 0 % )                              ;
+---------------------------------+--------------------------------------------+


+-----------------------------------------+
; Flow Settings                           ;
+-------------------+---------------------+
; Option            ; Setting             ;
+-------------------+---------------------+
; Start date & time ; 10/27/2016 13:57:23 ;
; Main task         ; Compilation         ;
; Revision Name     ; g31_BlockerGame     ;
+-------------------+---------------------+


+------------------------------------------------------------------------------------------------------------------------------+
; Flow Non-Default Global Settings                                                                                             ;
+-------------------------------------+---------------------------------------+-----------------+-------------+----------------+
; Assignment Name                     ; Value                                 ; Default Value   ; Entity Name ; Section Id     ;
+-------------------------------------+---------------------------------------+-----------------+-------------+----------------+
; COMPILER_SIGNATURE_ID               ; 198660154213799.147759104308308       ; --              ; --          ; --             ;
; EDA_OUTPUT_DATA_FORMAT              ; Vhdl                                  ; --              ; --          ; eda_simulation ;
; EDA_SIMULATION_TOOL                 ; ModelSim-Altera (VHDL)                ; <None>          ; --          ; --             ;
; MAX_CORE_JUNCTION_TEMP              ; 85                                    ; --              ; --          ; --             ;
; MIN_CORE_JUNCTION_TEMP              ; 0                                     ; --              ; --          ; --             ;
; PARTITION_COLOR                     ; 16764057                              ; --              ; g31_VGA     ; Top            ;
; PARTITION_FITTER_PRESERVATION_LEVEL ; PLACEMENT_AND_ROUTING                 ; --              ; g31_VGA     ; Top            ;
; PARTITION_NETLIST_TYPE              ; SOURCE                                ; --              ; g31_VGA     ; Top            ;
; POWER_BOARD_THERMAL_MODEL           ; None (CONSERVATIVE)                   ; --              ; --          ; --             ;
; POWER_PRESET_COOLING_SOLUTION       ; 23 MM HEAT SINK WITH 200 LFPM AIRFLOW ; --              ; --          ; --             ;
; PROJECT_OUTPUT_DIRECTORY            ; output_files                          ; --              ; --          ; --             ;
; TOP_LEVEL_ENTITY                    ; g31_VGA                               ; g31_BlockerGame ; --          ; --             ;
+-------------------------------------+---------------------------------------+-----------------+-------------+----------------+


+-------------------------------------------------------------------------------------------------------------------------------+
; Flow Elapsed Time                                                                                                             ;
+---------------------------+--------------+-------------------------+---------------------+------------------------------------+
; Module Name               ; Elapsed Time ; Average Processors Used ; Peak Virtual Memory ; Total CPU Time (on all processors) ;
+---------------------------+--------------+-------------------------+---------------------+------------------------------------+
; Analysis & Synthesis      ; 00:00:16     ; 1.0                     ; 798 MB              ; 00:00:37                           ;
; Fitter                    ; 00:01:00     ; 1.0                     ; 2016 MB             ; 00:01:02                           ;
; Assembler                 ; 00:00:11     ; 1.0                     ; 760 MB              ; 00:00:12                           ;
; TimeQuest Timing Analyzer ; 00:00:07     ; 1.0                     ; 1040 MB             ; 00:00:07                           ;
; EDA Netlist Writer        ; 00:00:02     ; 1.0                     ; 675 MB              ; 00:00:01                           ;
; Total                     ; 00:01:36     ; --                      ; --                  ; 00:01:59                           ;
+---------------------------+--------------+-------------------------+---------------------+------------------------------------+


+----------------------------------------------------------------------------------------+
; Flow OS Summary                                                                        ;
+---------------------------+------------------+-----------+------------+----------------+
; Module Name               ; Machine Hostname ; OS Name   ; OS Version ; Processor type ;
+---------------------------+------------------+-----------+------------+----------------+
; Analysis & Synthesis      ; DESKTOP-5FTFKFD  ; Windows 7 ; 6.2        ; x86_64         ;
; Fitter                    ; DESKTOP-5FTFKFD  ; Windows 7 ; 6.2        ; x86_64         ;
; Assembler                 ; DESKTOP-5FTFKFD  ; Windows 7 ; 6.2        ; x86_64         ;
; TimeQuest Timing Analyzer ; DESKTOP-5FTFKFD  ; Windows 7 ; 6.2        ; x86_64         ;
; EDA Netlist Writer        ; DESKTOP-5FTFKFD  ; Windows 7 ; 6.2        ; x86_64         ;
+---------------------------+------------------+-----------+------------+----------------+


------------
; Flow Log ;
------------
quartus_map --read_settings_files=on --write_settings_files=off g31_BlockerGame -c g31_BlockerGame
quartus_fit --read_settings_files=off --write_settings_files=off g31_BlockerGame -c g31_BlockerGame
quartus_asm --read_settings_files=off --write_settings_files=off g31_BlockerGame -c g31_BlockerGame
quartus_sta g31_BlockerGame -c g31_BlockerGame
quartus_eda --read_settings_files=off --write_settings_files=off g31_BlockerGame -c g31_BlockerGame



